# JRE version: 7.0_09
# Java VM: OpenJDK 64-Bit Server VM (23.2-b09 mixed mode linux-amd64 compressed oops)
Heap
 PSYoungGen      total 74816K, used 41982K [0x00000007ac760000, 0x00000007b5980000, 0x0000000800000000)
  eden space 64128K, 48% used [0x00000007ac760000,0x00000007ae5f1768,0x00000007b0600000)
  from space 10688K, 99% used [0x00000007b0600000,0x00000007b106e3e0,0x00000007b1070000)
  to   space 10688K, 0% used [0x00000007b4f10000,0x00000007b4f10000,0x00000007b5980000)
 ParOldGen       total 171072K, used 363K [0x0000000705600000, 0x000000070fd10000, 0x00000007ac760000)
  object space 171072K, 0% used [0x0000000705600000,0x000000070565ac50,0x000000070fd10000)
 PSPermGen       total 21248K, used 21179K [0x00000006fb000000, 0x00000006fc4c0000, 0x0000000705600000)
  object space 21248K, 99% used [0x00000006fb000000,0x00000006fc4aeec8,0x00000006fc4c0000)
GC Heap History (6 events):
Event: 1.120 GC heap before
{Heap before GC invocations=1 (full 0):
 PSYoungGen      total 74816K, used 64128K [0x00000007ac760000, 0x00000007b1ae0000, 0x0000000800000000)
  eden space 64128K, 100% used [0x00000007ac760000,0x00000007b0600000,0x00000007b0600000)
  from space 10688K, 0% used [0x00000007b1070000,0x00000007b1070000,0x00000007b1ae0000)
  to   space 10688K, 0% used [0x00000007b0600000,0x00000007b0600000,0x00000007b1070000)
 ParOldGen       total 171072K, used 0K [0x0000000705600000, 0x000000070fd10000, 0x00000007ac760000)
  object space 171072K, 0% used [0x0000000705600000,0x0000000705600000,0x000000070fd10000)
 PSPermGen       total 21248K, used 12356K [0x00000006fb000000, 0x00000006fc4c0000, 0x0000000705600000)
  object space 21248K, 58% used [0x00000006fb000000,0x00000006fbc11290,0x00000006fc4c0000)
Event: 1.130 GC heap after
Heap after GC invocations=1 (full 0):
 PSYoungGen      total 74816K, used 9692K [0x00000007ac760000, 0x00000007b1ae0000, 0x0000000800000000)
  eden space 64128K, 0% used [0x00000007ac760000,0x00000007ac760000,0x00000007b0600000)
  from space 10688K, 90% used [0x00000007b0600000,0x00000007b0f77398,0x00000007b1070000)
  to   space 10688K, 0% used [0x00000007b1070000,0x00000007b1070000,0x00000007b1ae0000)
 ParOldGen       total 171072K, used 8K [0x0000000705600000, 0x000000070fd10000, 0x00000007ac760000)
  object space 171072K, 0% used [0x0000000705600000,0x0000000705602000,0x000000070fd10000)
 PSPermGen       total 21248K, used 12356K [0x00000006fb000000, 0x00000006fc4c0000, 0x0000000705600000)
  object space 21248K, 58% used [0x00000006fb000000,0x00000006fbc11290,0x00000006fc4c0000)
}
Event: 1.865 GC heap before
{Heap before GC invocations=2 (full 0):
 PSYoungGen      total 74816K, used 73820K [0x00000007ac760000, 0x00000007b1ae0000, 0x0000000800000000)
  eden space 64128K, 100% used [0x00000007ac760000,0x00000007b0600000,0x00000007b0600000)
  from space 10688K, 90% used [0x00000007b0600000,0x00000007b0f77398,0x00000007b1070000)
  to   space 10688K, 0% used [0x00000007b1070000,0x00000007b1070000,0x00000007b1ae0000)
 ParOldGen       total 171072K, used 8K [0x0000000705600000, 0x000000070fd10000, 0x00000007ac760000)
  object space 171072K, 0% used [0x0000000705600000,0x0000000705602000,0x000000070fd10000)
 PSPermGen       total 21248K, used 13496K [0x00000006fb000000, 0x00000006fc4c0000, 0x0000000705600000)
  object space 21248K, 63% used [0x00000006fb000000,0x00000006fbd2e008,0x00000006fc4c0000)
Event: 1.876 GC heap after
Heap after GC invocations=2 (full 0):
 PSYoungGen      total 74816K, used 6960K [0x00000007ac760000, 0x00000007b5980000, 0x0000000800000000)
  eden space 64128K, 0% used [0x00000007ac760000,0x00000007ac760000,0x00000007b0600000)
  from space 10688K, 65% used [0x00000007b1070000,0x00000007b173c3f0,0x00000007b1ae0000)
  to   space 10688K, 0% used [0x00000007b0600000,0x00000007b0600000,0x00000007b1070000)
 ParOldGen       total 171072K, used 16K [0x0000000705600000, 0x000000070fd10000, 0x00000007ac760000)
  object space 171072K, 0% used [0x0000000705600000,0x0000000705604000,0x000000070fd10000)
 PSPermGen       total 21248K, used 13496K [0x00000006fb000000, 0x00000006fc4c0000, 0x0000000705600000)
  object space 21248K, 63% used [0x00000006fb000000,0x00000006fbd2e008,0x00000006fc4c0000)
}
Event: 2.706 GC heap before
{Heap before GC invocations=3 (full 0):
 PSYoungGen      total 74816K, used 71088K [0x00000007ac760000, 0x00000007b5980000, 0x0000000800000000)
  eden space 64128K, 100% used [0x00000007ac760000,0x00000007b0600000,0x00000007b0600000)
  from space 10688K, 65% used [0x00000007b1070000,0x00000007b173c3f0,0x00000007b1ae0000)
  to   space 10688K, 0% used [0x00000007b0600000,0x00000007b0600000,0x00000007b1070000)
 ParOldGen       total 171072K, used 16K [0x0000000705600000, 0x000000070fd10000, 0x00000007ac760000)
  object space 171072K, 0% used [0x0000000705600000,0x0000000705604000,0x000000070fd10000)
 PSPermGen       total 21248K, used 17696K [0x00000006fb000000, 0x00000006fc4c0000, 0x0000000705600000)
  object space 21248K, 83% used [0x00000006fb000000,0x00000006fc148158,0x00000006fc4c0000)
Event: 2.716 GC heap after
Heap after GC invocations=3 (full 0):
 PSYoungGen      total 74816K, used 10680K [0x00000007ac760000, 0x00000007b5980000, 0x0000000800000000)
  eden space 64128K, 0% used [0x00000007ac760000,0x00000007ac760000,0x00000007b0600000)
  from space 10688K, 99% used [0x00000007b0600000,0x00000007b106e3e0,0x00000007b1070000)
  to   space 10688K, 0% used [0x00000007b4f10000,0x00000007b4f10000,0x00000007b5980000)
 ParOldGen       total 171072K, used 363K [0x0000000705600000, 0x000000070fd10000, 0x00000007ac760000)
  object space 171072K, 0% used [0x0000000705600000,0x000000070565ac50,0x000000070fd10000)
 PSPermGen       total 21248K, used 17696K [0x00000006fb000000, 0x00000006fc4c0000, 0x0000000705600000)
  object space 21248K, 83% used [0x00000006fb000000,0x00000006fc148158,0x00000006fc4c0000)
}

