# JRE version: 7.0_09
# Java VM: OpenJDK 64-Bit Server VM (23.2-b09 mixed mode linux-amd64 compressed oops)
Heap
 PSYoungGen      total 433792K, used 63137K [0x00000007ac760000, 0x00000007ce2b0000, 0x0000000800000000)
  eden space 346816K, 17% used [0x00000007ac760000,0x00000007b01851c0,0x00000007c1a10000)
  from space 86976K, 4% used [0x00000007c8dc0000,0x00000007c9143430,0x00000007ce2b0000)
  to   space 102720K, 0% used [0x00000007c1a10000,0x00000007c1a10000,0x00000007c7e60000)
 ParOldGen       total 357120K, used 173381K [0x0000000705600000, 0x000000071b2c0000, 0x00000007ac760000)
  object space 357120K, 48% used [0x0000000705600000,0x000000070ff516a0,0x000000071b2c0000)
 PSPermGen       total 26496K, used 13140K [0x00000006fb000000, 0x00000006fc9e0000, 0x0000000705600000)
  object space 26496K, 49% used [0x00000006fb000000,0x00000006fbcd5228,0x00000006fc9e0000)
GC Heap History (10 events):
Event: 2.952 GC heap before
{Heap before GC invocations=3 (full 0):
 PSYoungGen      total 138944K, used 138912K [0x00000007ac760000, 0x00000007b5980000, 0x0000000800000000)
  eden space 128256K, 100% used [0x00000007ac760000,0x00000007b44a0000,0x00000007b44a0000)
  from space 10688K, 99% used [0x00000007b4f10000,0x00000007b5978080,0x00000007b5980000)
  to   space 10688K, 0% used [0x00000007b44a0000,0x00000007b44a0000,0x00000007b4f10000)
 ParOldGen       total 171072K, used 48637K [0x0000000705600000, 0x000000070fd10000, 0x00000007ac760000)
  object space 171072K, 28% used [0x0000000705600000,0x000000070857f6c0,0x000000070fd10000)
 PSPermGen       total 21248K, used 11790K [0x00000006fb000000, 0x00000006fc4c0000, 0x0000000705600000)
  object space 21248K, 55% used [0x00000006fb000000,0x00000006fbb83b70,0x00000006fc4c0000)
Event: 3.043 GC heap after
Heap after GC invocations=3 (full 0):
 PSYoungGen      total 138944K, used 10672K [0x00000007ac760000, 0x00000007bd6c0000, 0x0000000800000000)
  eden space 128256K, 0% used [0x00000007ac760000,0x00000007ac760000,0x00000007b44a0000)
  from space 10688K, 99% used [0x00000007b44a0000,0x00000007b4f0c070,0x00000007b4f10000)
  to   space 10688K, 0% used [0x00000007bcc50000,0x00000007bcc50000,0x00000007bd6c0000)
 ParOldGen       total 171072K, used 97045K [0x0000000705600000, 0x000000070fd10000, 0x00000007ac760000)
  object space 171072K, 56% used [0x0000000705600000,0x000000070b4c56c0,0x000000070fd10000)
 PSPermGen       total 21248K, used 11790K [0x00000006fb000000, 0x00000006fc4c0000, 0x0000000705600000)
  object space 21248K, 55% used [0x00000006fb000000,0x00000006fbb83b70,0x00000006fc4c0000)
}
Event: 3.861 GC heap before
{Heap before GC invocations=4 (full 0):
 PSYoungGen      total 138944K, used 138928K [0x00000007ac760000, 0x00000007bd6c0000, 0x0000000800000000)
  eden space 128256K, 100% used [0x00000007ac760000,0x00000007b44a0000,0x00000007b44a0000)
  from space 10688K, 99% used [0x00000007b44a0000,0x00000007b4f0c070,0x00000007b4f10000)
  to   space 10688K, 0% used [0x00000007bcc50000,0x00000007bcc50000,0x00000007bd6c0000)
 ParOldGen       total 171072K, used 97045K [0x0000000705600000, 0x000000070fd10000, 0x00000007ac760000)
  object space 171072K, 56% used [0x0000000705600000,0x000000070b4c56c0,0x000000070fd10000)
 PSPermGen       total 21248K, used 12985K [0x00000006fb000000, 0x00000006fc4c0000, 0x0000000705600000)
  object space 21248K, 61% used [0x00000006fb000000,0x00000006fbcae680,0x00000006fc4c0000)
Event: 3.978 GC heap after
Heap after GC invocations=4 (full 0):
 PSYoungGen      total 267200K, used 10663K [0x00000007ac760000, 0x00000007bd6c0000, 0x0000000800000000)
  eden space 256512K, 0% used [0x00000007ac760000,0x00000007ac760000,0x00000007bc1e0000)
  from space 10688K, 99% used [0x00000007bcc50000,0x00000007bd6b9ca8,0x00000007bd6c0000)
  to   space 10688K, 0% used [0x00000007bc1e0000,0x00000007bc1e0000,0x00000007bcc50000)
 ParOldGen       total 173376K, used 173216K [0x0000000705600000, 0x000000070ff50000, 0x00000007ac760000)
  object space 173376K, 99% used [0x0000000705600000,0x000000070ff28330,0x000000070ff50000)
 PSPermGen       total 21248K, used 12985K [0x00000006fb000000, 0x00000006fc4c0000, 0x0000000705600000)
  object space 21248K, 61% used [0x00000006fb000000,0x00000006fbcae680,0x00000006fc4c0000)
}
Event: 3.978 GC heap before
{Heap before GC invocations=5 (full 1):
 PSYoungGen      total 267200K, used 10663K [0x00000007ac760000, 0x00000007bd6c0000, 0x0000000800000000)
  eden space 256512K, 0% used [0x00000007ac760000,0x00000007ac760000,0x00000007bc1e0000)
  from space 10688K, 99% used [0x00000007bcc50000,0x00000007bd6b9ca8,0x00000007bd6c0000)
  to   space 10688K, 0% used [0x00000007bc1e0000,0x00000007bc1e0000,0x00000007bcc50000)
 ParOldGen       total 173376K, used 173216K [0x0000000705600000, 0x000000070ff50000, 0x00000007ac760000)
  object space 173376K, 99% used [0x0000000705600000,0x000000070ff28330,0x000000070ff50000)
 PSPermGen       total 21248K, used 12985K [0x00000006fb000000, 0x00000006fc4c0000, 0x0000000705600000)
  object space 21248K, 61% used [0x00000006fb000000,0x00000006fbcae680,0x00000006fc4c0000)
Event: 4.757 GC heap after
Heap after GC invocations=5 (full 1):
 PSYoungGen      total 267200K, used 2663K [0x00000007ac760000, 0x00000007bd6c0000, 0x0000000800000000)
  eden space 256512K, 0% used [0x00000007ac760000,0x00000007ac760000,0x00000007bc1e0000)
  from space 10688K, 24% used [0x00000007bcc50000,0x00000007bcee9d68,0x00000007bd6c0000)
  to   space 10688K, 0% used [0x00000007bc1e0000,0x00000007bc1e0000,0x00000007bcc50000)
 ParOldGen       total 357120K, used 173373K [0x0000000705600000, 0x000000071b2c0000, 0x00000007ac760000)
  object space 357120K, 48% used [0x0000000705600000,0x000000070ff4f6a0,0x000000071b2c0000)
 PSPermGen       total 26496K, used 12977K [0x00000006fb000000, 0x00000006fc9e0000, 0x0000000705600000)
  object space 26496K, 48% used [0x00000006fb000000,0x00000006fbcac6f8,0x00000006fc9e0000)
}
Event: 6.437 GC heap before
{Heap before GC invocations=6 (full 1):
 PSYoungGen      total 267200K, used 259175K [0x00000007ac760000, 0x00000007bd6c0000, 0x0000000800000000)
  eden space 256512K, 100% used [0x00000007ac760000,0x00000007bc1e0000,0x00000007bc1e0000)
  from space 10688K, 24% used [0x00000007bcc50000,0x00000007bcee9d68,0x00000007bd6c0000)
  to   space 10688K, 0% used [0x00000007bc1e0000,0x00000007bc1e0000,0x00000007bcc50000)
 ParOldGen       total 357120K, used 173373K [0x0000000705600000, 0x000000071b2c0000, 0x00000007ac760000)
  object space 357120K, 48% used [0x0000000705600000,0x000000070ff4f6a0,0x000000071b2c0000)
 PSPermGen       total 26496K, used 13048K [0x00000006fb000000, 0x00000006fc9e0000, 0x0000000705600000)
  object space 26496K, 49% used [0x00000006fb000000,0x00000006fbcbe190,0x00000006fc9e0000)
Event: 6.470 GC heap after
Heap after GC invocations=6 (full 1):
 PSYoungGen      total 267200K, used 3928K [0x00000007ac760000, 0x00000007cf1a0000, 0x0000000800000000)
  eden space 256512K, 0% used [0x00000007ac760000,0x00000007ac760000,0x00000007bc1e0000)
  from space 10688K, 36% used [0x00000007bc1e0000,0x00000007bc5b6260,0x00000007bcc50000)
  to   space 102272K, 0% used [0x00000007c8dc0000,0x00000007c8dc0000,0x00000007cf1a0000)
 ParOldGen       total 357120K, used 173381K [0x0000000705600000, 0x000000071b2c0000, 0x00000007ac760000)
  object space 357120K, 48% used [0x0000000705600000,0x000000070ff516a0,0x000000071b2c0000)
 PSPermGen       total 26496K, used 13048K [0x00000006fb000000, 0x00000006fc9e0000, 0x0000000705600000)
  object space 26496K, 49% used [0x00000006fb000000,0x00000006fbcbe190,0x00000006fc9e0000)
}
Event: 8.049 GC heap before
{Heap before GC invocations=7 (full 1):
 PSYoungGen      total 267200K, used 260440K [0x00000007ac760000, 0x00000007cf1a0000, 0x0000000800000000)
  eden space 256512K, 100% used [0x00000007ac760000,0x00000007bc1e0000,0x00000007bc1e0000)
  from space 10688K, 36% used [0x00000007bc1e0000,0x00000007bc5b6260,0x00000007bcc50000)
  to   space 102272K, 0% used [0x00000007c8dc0000,0x00000007c8dc0000,0x00000007cf1a0000)
 ParOldGen       total 357120K, used 173381K [0x0000000705600000, 0x000000071b2c0000, 0x00000007ac760000)
  object space 357120K, 48% used [0x0000000705600000,0x000000070ff516a0,0x000000071b2c0000)
 PSPermGen       total 26496K, used 13073K [0x00000006fb000000, 0x00000006fc9e0000, 0x0000000705600000)
  object space 26496K, 49% used [0x00000006fb000000,0x00000006fbcc44e0,0x00000006fc9e0000)
Event: 8.061 GC heap after
Heap after GC invocations=7 (full 1):
 PSYoungGen      total 433792K, used 3597K [0x00000007ac760000, 0x00000007ce2b0000, 0x0000000800000000)
  eden space 346816K, 0% used [0x00000007ac760000,0x00000007ac760000,0x00000007c1a10000)
  from space 86976K, 4% used [0x00000007c8dc0000,0x00000007c9143430,0x00000007ce2b0000)
  to   space 102720K, 0% used [0x00000007c1a10000,0x00000007c1a10000,0x00000007c7e60000)
 ParOldGen       total 357120K, used 173381K [0x0000000705600000, 0x000000071b2c0000, 0x00000007ac760000)
  object space 357120K, 48% used [0x0000000705600000,0x000000070ff516a0,0x000000071b2c0000)
 PSPermGen       total 26496K, used 13073K [0x00000006fb000000, 0x00000006fc9e0000, 0x0000000705600000)
  object space 26496K, 49% used [0x00000006fb000000,0x00000006fbcc44e0,0x00000006fc9e0000)
}

