# JRE version: 7.0_09
# Java VM: OpenJDK 64-Bit Server VM (23.2-b09 mixed mode linux-amd64 compressed oops)
Heap
 PSYoungGen      total 413824K, used 67955K [0x00000007ac760000, 0x00000007ccca0000, 0x0000000800000000)
  eden space 325760K, 19% used [0x00000007ac760000,0x00000007b048f468,0x00000007c0580000)
  from space 88064K, 6% used [0x00000007c76a0000,0x00000007c7bcd930,0x00000007ccca0000)
  to   space 101952K, 0% used [0x00000007c0580000,0x00000007c0580000,0x00000007c6910000)
 ParOldGen       total 362752K, used 172685K [0x0000000705600000, 0x000000071b840000, 0x00000007ac760000)
  object space 362752K, 47% used [0x0000000705600000,0x000000070fea3638,0x000000071b840000)
 PSPermGen       total 26496K, used 13202K [0x00000006fb000000, 0x00000006fc9e0000, 0x0000000705600000)
  object space 26496K, 49% used [0x00000006fb000000,0x00000006fbce4b60,0x00000006fc9e0000)
GC Heap History (10 events):
Event: 1.669 GC heap before
{Heap before GC invocations=3 (full 0):
 PSYoungGen      total 138944K, used 138915K [0x00000007ac760000, 0x00000007b5980000, 0x0000000800000000)
  eden space 128256K, 100% used [0x00000007ac760000,0x00000007b44a0000,0x00000007b44a0000)
  from space 10688K, 99% used [0x00000007b4f10000,0x00000007b5978ec0,0x00000007b5980000)
  to   space 10688K, 0% used [0x00000007b44a0000,0x00000007b44a0000,0x00000007b4f10000)
 ParOldGen       total 171072K, used 48609K [0x0000000705600000, 0x000000070fd10000, 0x00000007ac760000)
  object space 171072K, 28% used [0x0000000705600000,0x00000007085785f8,0x000000070fd10000)
 PSPermGen       total 21248K, used 11791K [0x00000006fb000000, 0x00000006fc4c0000, 0x0000000705600000)
  object space 21248K, 55% used [0x00000006fb000000,0x00000006fbb83c78,0x00000006fc4c0000)
Event: 1.761 GC heap after
Heap after GC invocations=3 (full 0):
 PSYoungGen      total 138944K, used 10659K [0x00000007ac760000, 0x00000007bd6c0000, 0x0000000800000000)
  eden space 128256K, 0% used [0x00000007ac760000,0x00000007ac760000,0x00000007b44a0000)
  from space 10688K, 99% used [0x00000007b44a0000,0x00000007b4f08e90,0x00000007b4f10000)
  to   space 10688K, 0% used [0x00000007bcc50000,0x00000007bcc50000,0x00000007bd6c0000)
 ParOldGen       total 171072K, used 96625K [0x0000000705600000, 0x000000070fd10000, 0x00000007ac760000)
  object space 171072K, 56% used [0x0000000705600000,0x000000070b45c5f8,0x000000070fd10000)
 PSPermGen       total 21248K, used 11791K [0x00000006fb000000, 0x00000006fc4c0000, 0x0000000705600000)
  object space 21248K, 55% used [0x00000006fb000000,0x00000006fbb83c78,0x00000006fc4c0000)
}
Event: 2.542 GC heap before
{Heap before GC invocations=4 (full 0):
 PSYoungGen      total 138944K, used 138915K [0x00000007ac760000, 0x00000007bd6c0000, 0x0000000800000000)
  eden space 128256K, 100% used [0x00000007ac760000,0x00000007b44a0000,0x00000007b44a0000)
  from space 10688K, 99% used [0x00000007b44a0000,0x00000007b4f08e90,0x00000007b4f10000)
  to   space 10688K, 0% used [0x00000007bcc50000,0x00000007bcc50000,0x00000007bd6c0000)
 ParOldGen       total 171072K, used 96625K [0x0000000705600000, 0x000000070fd10000, 0x00000007ac760000)
  object space 171072K, 56% used [0x0000000705600000,0x000000070b45c5f8,0x000000070fd10000)
 PSPermGen       total 21248K, used 12986K [0x00000006fb000000, 0x00000006fc4c0000, 0x0000000705600000)
  object space 21248K, 61% used [0x00000006fb000000,0x00000006fbcaea08,0x00000006fc4c0000)
Event: 2.702 GC heap after
Heap after GC invocations=4 (full 0):
 PSYoungGen      total 267200K, used 10666K [0x00000007ac760000, 0x00000007bd6c0000, 0x0000000800000000)
  eden space 256512K, 0% used [0x00000007ac760000,0x00000007ac760000,0x00000007bc1e0000)
  from space 10688K, 99% used [0x00000007bcc50000,0x00000007bd6baaf8,0x00000007bd6c0000)
  to   space 10688K, 0% used [0x00000007bc1e0000,0x00000007bc1e0000,0x00000007bcc50000)
 ParOldGen       total 172992K, used 172833K [0x0000000705600000, 0x000000070fef0000, 0x00000007ac760000)
  object space 172992K, 99% used [0x0000000705600000,0x000000070fec8448,0x000000070fef0000)
 PSPermGen       total 21248K, used 12986K [0x00000006fb000000, 0x00000006fc4c0000, 0x0000000705600000)
  object space 21248K, 61% used [0x00000006fb000000,0x00000006fbcaea08,0x00000006fc4c0000)
}
Event: 2.702 GC heap before
{Heap before GC invocations=5 (full 1):
 PSYoungGen      total 267200K, used 10666K [0x00000007ac760000, 0x00000007bd6c0000, 0x0000000800000000)
  eden space 256512K, 0% used [0x00000007ac760000,0x00000007ac760000,0x00000007bc1e0000)
  from space 10688K, 99% used [0x00000007bcc50000,0x00000007bd6baaf8,0x00000007bd6c0000)
  to   space 10688K, 0% used [0x00000007bc1e0000,0x00000007bc1e0000,0x00000007bcc50000)
 ParOldGen       total 172992K, used 172833K [0x0000000705600000, 0x000000070fef0000, 0x00000007ac760000)
  object space 172992K, 99% used [0x0000000705600000,0x000000070fec8448,0x000000070fef0000)
 PSPermGen       total 21248K, used 12986K [0x00000006fb000000, 0x00000006fc4c0000, 0x0000000705600000)
  object space 21248K, 61% used [0x00000006fb000000,0x00000006fbcaea08,0x00000006fc4c0000)
Event: 3.684 GC heap after
Heap after GC invocations=5 (full 1):
 PSYoungGen      total 267200K, used 3830K [0x00000007ac760000, 0x00000007bd6c0000, 0x0000000800000000)
  eden space 256512K, 0% used [0x00000007ac760000,0x00000007ac760000,0x00000007bc1e0000)
  from space 10688K, 35% used [0x00000007bcc50000,0x00000007bd00d9c0,0x00000007bd6c0000)
  to   space 10688K, 0% used [0x00000007bc1e0000,0x00000007bc1e0000,0x00000007bcc50000)
 ParOldGen       total 362752K, used 172669K [0x0000000705600000, 0x000000071b840000, 0x00000007ac760000)
  object space 362752K, 47% used [0x0000000705600000,0x000000070fe9f638,0x000000071b840000)
 PSPermGen       total 26496K, used 12978K [0x00000006fb000000, 0x00000006fc9e0000, 0x0000000705600000)
  object space 26496K, 48% used [0x00000006fb000000,0x00000006fbcacae0,0x00000006fc9e0000)
}
Event: 5.959 GC heap before
{Heap before GC invocations=6 (full 1):
 PSYoungGen      total 267200K, used 260342K [0x00000007ac760000, 0x00000007bd6c0000, 0x0000000800000000)
  eden space 256512K, 100% used [0x00000007ac760000,0x00000007bc1e0000,0x00000007bc1e0000)
  from space 10688K, 35% used [0x00000007bcc50000,0x00000007bd00d9c0,0x00000007bd6c0000)
  to   space 10688K, 0% used [0x00000007bc1e0000,0x00000007bc1e0000,0x00000007bcc50000)
 ParOldGen       total 362752K, used 172669K [0x0000000705600000, 0x000000071b840000, 0x00000007ac760000)
  object space 362752K, 47% used [0x0000000705600000,0x000000070fe9f638,0x000000071b840000)
 PSPermGen       total 26496K, used 13054K [0x00000006fb000000, 0x00000006fc9e0000, 0x0000000705600000)
  object space 26496K, 49% used [0x00000006fb000000,0x00000006fbcbfa20,0x00000006fc9e0000)
Event: 6.056 GC heap after
Heap after GC invocations=6 (full 1):
 PSYoungGen      total 267200K, used 4732K [0x00000007ac760000, 0x00000007cda10000, 0x0000000800000000)
  eden space 256512K, 0% used [0x00000007ac760000,0x00000007ac760000,0x00000007bc1e0000)
  from space 10688K, 44% used [0x00000007bc1e0000,0x00000007bc67f0e0,0x00000007bcc50000)
  to   space 101824K, 0% used [0x00000007c76a0000,0x00000007c76a0000,0x00000007cda10000)
 ParOldGen       total 362752K, used 172677K [0x0000000705600000, 0x000000071b840000, 0x00000007ac760000)
  object space 362752K, 47% used [0x0000000705600000,0x000000070fea1638,0x000000071b840000)
 PSPermGen       total 26496K, used 13054K [0x00000006fb000000, 0x00000006fc9e0000, 0x0000000705600000)
  object space 26496K, 49% used [0x00000006fb000000,0x00000006fbcbfa20,0x00000006fc9e0000)
}
Event: 7.768 GC heap before
{Heap before GC invocations=7 (full 1):
 PSYoungGen      total 267200K, used 261244K [0x00000007ac760000, 0x00000007cda10000, 0x0000000800000000)
  eden space 256512K, 100% used [0x00000007ac760000,0x00000007bc1e0000,0x00000007bc1e0000)
  from space 10688K, 44% used [0x00000007bc1e0000,0x00000007bc67f0e0,0x00000007bcc50000)
  to   space 101824K, 0% used [0x00000007c76a0000,0x00000007c76a0000,0x00000007cda10000)
 ParOldGen       total 362752K, used 172677K [0x0000000705600000, 0x000000071b840000, 0x00000007ac760000)
  object space 362752K, 47% used [0x0000000705600000,0x000000070fea1638,0x000000071b840000)
 PSPermGen       total 26496K, used 13073K [0x00000006fb000000, 0x00000006fc9e0000, 0x0000000705600000)
  object space 26496K, 49% used [0x00000006fb000000,0x00000006fbcc4700,0x00000006fc9e0000)
Event: 7.785 GC heap after
Heap after GC invocations=7 (full 1):
 PSYoungGen      total 413824K, used 5302K [0x00000007ac760000, 0x00000007ccca0000, 0x0000000800000000)
  eden space 325760K, 0% used [0x00000007ac760000,0x00000007ac760000,0x00000007c0580000)
  from space 88064K, 6% used [0x00000007c76a0000,0x00000007c7bcd930,0x00000007ccca0000)
  to   space 101952K, 0% used [0x00000007c0580000,0x00000007c0580000,0x00000007c6910000)
 ParOldGen       total 362752K, used 172685K [0x0000000705600000, 0x000000071b840000, 0x00000007ac760000)
  object space 362752K, 47% used [0x0000000705600000,0x000000070fea3638,0x000000071b840000)
 PSPermGen       total 26496K, used 13073K [0x00000006fb000000, 0x00000006fc9e0000, 0x0000000705600000)
  object space 26496K, 49% used [0x00000006fb000000,0x00000006fbcc4700,0x00000006fc9e0000)
}

