# JRE version: 7.0_09
# Java VM: OpenJDK 64-Bit Server VM (23.2-b09 mixed mode linux-amd64 compressed oops)
Heap
 PSYoungGen      total 138944K, used 17334K [0x00000007ac760000, 0x00000007bd6c0000, 0x0000000800000000)
  eden space 128256K, 5% used [0x00000007ac760000,0x00000007acde4b30,0x00000007b44a0000)
  from space 10688K, 99% used [0x00000007b44a0000,0x00000007b4f08e80,0x00000007b4f10000)
  to   space 10688K, 0% used [0x00000007bcc50000,0x00000007bcc50000,0x00000007bd6c0000)
 ParOldGen       total 171072K, used 15178K [0x0000000705600000, 0x000000070fd10000, 0x00000007ac760000)
  object space 171072K, 8% used [0x0000000705600000,0x00000007064d2848,0x000000070fd10000)
 PSPermGen       total 25280K, used 25120K [0x00000006fb000000, 0x00000006fc8b0000, 0x0000000705600000)
  object space 25280K, 99% used [0x00000006fb000000,0x00000006fc8880a0,0x00000006fc8b0000)
GC Heap History (6 events):
Event: 1.124 GC heap before
{Heap before GC invocations=1 (full 0):
 PSYoungGen      total 74816K, used 64128K [0x00000007ac760000, 0x00000007b1ae0000, 0x0000000800000000)
  eden space 64128K, 100% used [0x00000007ac760000,0x00000007b0600000,0x00000007b0600000)
  from space 10688K, 0% used [0x00000007b1070000,0x00000007b1070000,0x00000007b1ae0000)
  to   space 10688K, 0% used [0x00000007b0600000,0x00000007b0600000,0x00000007b1070000)
 ParOldGen       total 171072K, used 0K [0x0000000705600000, 0x000000070fd10000, 0x00000007ac760000)
  object space 171072K, 0% used [0x0000000705600000,0x0000000705600000,0x000000070fd10000)
 PSPermGen       total 21248K, used 12354K [0x00000006fb000000, 0x00000006fc4c0000, 0x0000000705600000)
  object space 21248K, 58% used [0x00000006fb000000,0x00000006fbc10b78,0x00000006fc4c0000)
Event: 1.136 GC heap after
Heap after GC invocations=1 (full 0):
 PSYoungGen      total 74816K, used 9638K [0x00000007ac760000, 0x00000007b5980000, 0x0000000800000000)
  eden space 64128K, 0% used [0x00000007ac760000,0x00000007ac760000,0x00000007b0600000)
  from space 10688K, 90% used [0x00000007b0600000,0x00000007b0f69a10,0x00000007b1070000)
  to   space 10688K, 0% used [0x00000007b4f10000,0x00000007b4f10000,0x00000007b5980000)
 ParOldGen       total 171072K, used 0K [0x0000000705600000, 0x000000070fd10000, 0x00000007ac760000)
  object space 171072K, 0% used [0x0000000705600000,0x0000000705600000,0x000000070fd10000)
 PSPermGen       total 21248K, used 12354K [0x00000006fb000000, 0x00000006fc4c0000, 0x0000000705600000)
  object space 21248K, 58% used [0x00000006fb000000,0x00000006fbc10b78,0x00000006fc4c0000)
}
Event: 1.909 GC heap before
{Heap before GC invocations=2 (full 0):
 PSYoungGen      total 74816K, used 73766K [0x00000007ac760000, 0x00000007b5980000, 0x0000000800000000)
  eden space 64128K, 100% used [0x00000007ac760000,0x00000007b0600000,0x00000007b0600000)
  from space 10688K, 90% used [0x00000007b0600000,0x00000007b0f69a10,0x00000007b1070000)
  to   space 10688K, 0% used [0x00000007b4f10000,0x00000007b4f10000,0x00000007b5980000)
 ParOldGen       total 171072K, used 0K [0x0000000705600000, 0x000000070fd10000, 0x00000007ac760000)
  object space 171072K, 0% used [0x0000000705600000,0x0000000705600000,0x000000070fd10000)
 PSPermGen       total 21248K, used 14176K [0x00000006fb000000, 0x00000006fc4c0000, 0x0000000705600000)
  object space 21248K, 66% used [0x00000006fb000000,0x00000006fbdd8150,0x00000006fc4c0000)
Event: 1.931 GC heap after
Heap after GC invocations=2 (full 0):
 PSYoungGen      total 138944K, used 7021K [0x00000007ac760000, 0x00000007b5980000, 0x0000000800000000)
  eden space 128256K, 0% used [0x00000007ac760000,0x00000007ac760000,0x00000007b44a0000)
  from space 10688K, 65% used [0x00000007b4f10000,0x00000007b55eb420,0x00000007b5980000)
  to   space 10688K, 0% used [0x00000007b44a0000,0x00000007b44a0000,0x00000007b4f10000)
 ParOldGen       total 171072K, used 8K [0x0000000705600000, 0x000000070fd10000, 0x00000007ac760000)
  object space 171072K, 0% used [0x0000000705600000,0x0000000705602000,0x000000070fd10000)
 PSPermGen       total 21248K, used 14176K [0x00000006fb000000, 0x00000006fc4c0000, 0x0000000705600000)
  object space 21248K, 66% used [0x00000006fb000000,0x00000006fbdd8150,0x00000006fc4c0000)
}
Event: 3.885 GC heap before
{Heap before GC invocations=3 (full 0):
 PSYoungGen      total 138944K, used 135277K [0x00000007ac760000, 0x00000007b5980000, 0x0000000800000000)
  eden space 128256K, 100% used [0x00000007ac760000,0x00000007b44a0000,0x00000007b44a0000)
  from space 10688K, 65% used [0x00000007b4f10000,0x00000007b55eb420,0x00000007b5980000)
  to   space 10688K, 0% used [0x00000007b44a0000,0x00000007b44a0000,0x00000007b4f10000)
 ParOldGen       total 171072K, used 8K [0x0000000705600000, 0x000000070fd10000, 0x00000007ac760000)
  object space 171072K, 0% used [0x0000000705600000,0x0000000705602000,0x000000070fd10000)
 PSPermGen       total 24896K, used 24878K [0x00000006fb000000, 0x00000006fc850000, 0x0000000705600000)
  object space 24896K, 99% used [0x00000006fb000000,0x00000006fc84bbe8,0x00000006fc850000)
Event: 3.915 GC heap after
Heap after GC invocations=3 (full 0):
 PSYoungGen      total 138944K, used 10659K [0x00000007ac760000, 0x00000007bd6c0000, 0x0000000800000000)
  eden space 128256K, 0% used [0x00000007ac760000,0x00000007ac760000,0x00000007b44a0000)
  from space 10688K, 99% used [0x00000007b44a0000,0x00000007b4f08e80,0x00000007b4f10000)
  to   space 10688K, 0% used [0x00000007bcc50000,0x00000007bcc50000,0x00000007bd6c0000)
 ParOldGen       total 171072K, used 15178K [0x0000000705600000, 0x000000070fd10000, 0x00000007ac760000)
  object space 171072K, 8% used [0x0000000705600000,0x00000007064d2848,0x000000070fd10000)
 PSPermGen       total 24896K, used 24878K [0x00000006fb000000, 0x00000006fc850000, 0x0000000705600000)
  object space 24896K, 99% used [0x00000006fb000000,0x00000006fc84bbe8,0x00000006fc850000)
}

