# JRE version: 7.0_09
# Java VM: OpenJDK 64-Bit Server VM (23.2-b09 mixed mode linux-amd64 compressed oops)
Heap
 PSYoungGen      total 420352K, used 67654K [0x00000007ac760000, 0x00000007cd480000, 0x0000000800000000)
  eden space 332800K, 19% used [0x00000007ac760000,0x00000007b05575d8,0x00000007c0c60000)
  from space 87552K, 4% used [0x00000007c7f00000,0x00000007c831a280,0x00000007cd480000)
  to   space 102464K, 0% used [0x00000007c0c60000,0x00000007c0c60000,0x00000007c7070000)
 ParOldGen       total 360704K, used 172922K [0x0000000705600000, 0x000000071b640000, 0x00000007ac760000)
  object space 360704K, 47% used [0x0000000705600000,0x000000070fede9b0,0x000000071b640000)
 PSPermGen       total 26496K, used 13204K [0x00000006fb000000, 0x00000006fc9e0000, 0x0000000705600000)
  object space 26496K, 49% used [0x00000006fb000000,0x00000006fbce5138,0x00000006fc9e0000)
GC Heap History (10 events):
Event: 1.697 GC heap before
{Heap before GC invocations=3 (full 0):
 PSYoungGen      total 138944K, used 138931K [0x00000007ac760000, 0x00000007b5980000, 0x0000000800000000)
  eden space 128256K, 100% used [0x00000007ac760000,0x00000007b44a0000,0x00000007b44a0000)
  from space 10688K, 99% used [0x00000007b4f10000,0x00000007b597ced0,0x00000007b5980000)
  to   space 10688K, 0% used [0x00000007b44a0000,0x00000007b44a0000,0x00000007b4f10000)
 ParOldGen       total 171072K, used 48603K [0x0000000705600000, 0x000000070fd10000, 0x00000007ac760000)
  object space 171072K, 28% used [0x0000000705600000,0x0000000708576f70,0x000000070fd10000)
 PSPermGen       total 21248K, used 11792K [0x00000006fb000000, 0x00000006fc4c0000, 0x0000000705600000)
  object space 21248K, 55% used [0x00000006fb000000,0x00000006fbb841d8,0x00000006fc4c0000)
Event: 1.790 GC heap after
Heap after GC invocations=3 (full 0):
 PSYoungGen      total 138944K, used 10656K [0x00000007ac760000, 0x00000007bd6c0000, 0x0000000800000000)
  eden space 128256K, 0% used [0x00000007ac760000,0x00000007ac760000,0x00000007b44a0000)
  from space 10688K, 99% used [0x00000007b44a0000,0x00000007b4f08040,0x00000007b4f10000)
  to   space 10688K, 0% used [0x00000007bcc50000,0x00000007bcc50000,0x00000007bd6c0000)
 ParOldGen       total 171072K, used 97035K [0x0000000705600000, 0x000000070fd10000, 0x00000007ac760000)
  object space 171072K, 56% used [0x0000000705600000,0x000000070b4c2f70,0x000000070fd10000)
 PSPermGen       total 21248K, used 11792K [0x00000006fb000000, 0x00000006fc4c0000, 0x0000000705600000)
  object space 21248K, 55% used [0x00000006fb000000,0x00000006fbb841d8,0x00000006fc4c0000)
}
Event: 2.525 GC heap before
{Heap before GC invocations=4 (full 0):
 PSYoungGen      total 138944K, used 138912K [0x00000007ac760000, 0x00000007bd6c0000, 0x0000000800000000)
  eden space 128256K, 100% used [0x00000007ac760000,0x00000007b44a0000,0x00000007b44a0000)
  from space 10688K, 99% used [0x00000007b44a0000,0x00000007b4f08040,0x00000007b4f10000)
  to   space 10688K, 0% used [0x00000007bcc50000,0x00000007bcc50000,0x00000007bd6c0000)
 ParOldGen       total 171072K, used 97035K [0x0000000705600000, 0x000000070fd10000, 0x00000007ac760000)
  object space 171072K, 56% used [0x0000000705600000,0x000000070b4c2f70,0x000000070fd10000)
 PSPermGen       total 21248K, used 12987K [0x00000006fb000000, 0x00000006fc4c0000, 0x0000000705600000)
  object space 21248K, 61% used [0x00000006fb000000,0x00000006fbcaefb8,0x00000006fc4c0000)
Event: 2.641 GC heap after
Heap after GC invocations=4 (full 0):
 PSYoungGen      total 267200K, used 10679K [0x00000007ac760000, 0x00000007bd6c0000, 0x0000000800000000)
  eden space 256512K, 0% used [0x00000007ac760000,0x00000007ac760000,0x00000007bc1e0000)
  from space 10688K, 99% used [0x00000007bcc50000,0x00000007bd6bdc98,0x00000007bd6c0000)
  to   space 10688K, 0% used [0x00000007bc1e0000,0x00000007bc1e0000,0x00000007bcc50000)
 ParOldGen       total 173376K, used 173205K [0x0000000705600000, 0x000000070ff50000, 0x00000007ac760000)
  object space 173376K, 99% used [0x0000000705600000,0x000000070ff25410,0x000000070ff50000)
 PSPermGen       total 21248K, used 12987K [0x00000006fb000000, 0x00000006fc4c0000, 0x0000000705600000)
  object space 21248K, 61% used [0x00000006fb000000,0x00000006fbcaefb8,0x00000006fc4c0000)
}
Event: 2.641 GC heap before
{Heap before GC invocations=5 (full 1):
 PSYoungGen      total 267200K, used 10679K [0x00000007ac760000, 0x00000007bd6c0000, 0x0000000800000000)
  eden space 256512K, 0% used [0x00000007ac760000,0x00000007ac760000,0x00000007bc1e0000)
  from space 10688K, 99% used [0x00000007bcc50000,0x00000007bd6bdc98,0x00000007bd6c0000)
  to   space 10688K, 0% used [0x00000007bc1e0000,0x00000007bc1e0000,0x00000007bcc50000)
 ParOldGen       total 173376K, used 173205K [0x0000000705600000, 0x000000070ff50000, 0x00000007ac760000)
  object space 173376K, 99% used [0x0000000705600000,0x000000070ff25410,0x000000070ff50000)
 PSPermGen       total 21248K, used 12987K [0x00000006fb000000, 0x00000006fc4c0000, 0x0000000705600000)
  object space 21248K, 61% used [0x00000006fb000000,0x00000006fbcaefb8,0x00000006fc4c0000)
Event: 3.408 GC heap after
Heap after GC invocations=5 (full 1):
 PSYoungGen      total 267200K, used 3114K [0x00000007ac760000, 0x00000007bd6c0000, 0x0000000800000000)
  eden space 256512K, 0% used [0x00000007ac760000,0x00000007ac760000,0x00000007bc1e0000)
  from space 10688K, 29% used [0x00000007bcc50000,0x00000007bcf5a838,0x00000007bd6c0000)
  to   space 10688K, 0% used [0x00000007bc1e0000,0x00000007bc1e0000,0x00000007bcc50000)
 ParOldGen       total 360704K, used 172922K [0x0000000705600000, 0x000000071b640000, 0x00000007ac760000)
  object space 360704K, 47% used [0x0000000705600000,0x000000070fede9b0,0x000000071b640000)
 PSPermGen       total 26496K, used 12980K [0x00000006fb000000, 0x00000006fc9e0000, 0x0000000705600000)
  object space 26496K, 48% used [0x00000006fb000000,0x00000006fbcad0b0,0x00000006fc9e0000)
}
Event: 5.173 GC heap before
{Heap before GC invocations=6 (full 1):
 PSYoungGen      total 267200K, used 259626K [0x00000007ac760000, 0x00000007bd6c0000, 0x0000000800000000)
  eden space 256512K, 100% used [0x00000007ac760000,0x00000007bc1e0000,0x00000007bc1e0000)
  from space 10688K, 29% used [0x00000007bcc50000,0x00000007bcf5a838,0x00000007bd6c0000)
  to   space 10688K, 0% used [0x00000007bc1e0000,0x00000007bc1e0000,0x00000007bcc50000)
 ParOldGen       total 360704K, used 172922K [0x0000000705600000, 0x000000071b640000, 0x00000007ac760000)
  object space 360704K, 47% used [0x0000000705600000,0x000000070fede9b0,0x000000071b640000)
 PSPermGen       total 26496K, used 13049K [0x00000006fb000000, 0x00000006fc9e0000, 0x0000000705600000)
  object space 26496K, 49% used [0x00000006fb000000,0x00000006fbcbe6b8,0x00000006fc9e0000)
Event: 5.223 GC heap after
Heap after GC invocations=6 (full 1):
 PSYoungGen      total 267200K, used 4580K [0x00000007ac760000, 0x00000007ce2b0000, 0x0000000800000000)
  eden space 256512K, 0% used [0x00000007ac760000,0x00000007ac760000,0x00000007bc1e0000)
  from space 10688K, 42% used [0x00000007bc1e0000,0x00000007bc6590c0,0x00000007bcc50000)
  to   space 102080K, 0% used [0x00000007c7f00000,0x00000007c7f00000,0x00000007ce2b0000)
 ParOldGen       total 360704K, used 172922K [0x0000000705600000, 0x000000071b640000, 0x00000007ac760000)
  object space 360704K, 47% used [0x0000000705600000,0x000000070fede9b0,0x000000071b640000)
 PSPermGen       total 26496K, used 13049K [0x00000006fb000000, 0x00000006fc9e0000, 0x0000000705600000)
  object space 26496K, 49% used [0x00000006fb000000,0x00000006fbcbe6b8,0x00000006fc9e0000)
}
Event: 6.854 GC heap before
{Heap before GC invocations=7 (full 1):
 PSYoungGen      total 267200K, used 261092K [0x00000007ac760000, 0x00000007ce2b0000, 0x0000000800000000)
  eden space 256512K, 100% used [0x00000007ac760000,0x00000007bc1e0000,0x00000007bc1e0000)
  from space 10688K, 42% used [0x00000007bc1e0000,0x00000007bc6590c0,0x00000007bcc50000)
  to   space 102080K, 0% used [0x00000007c7f00000,0x00000007c7f00000,0x00000007ce2b0000)
 ParOldGen       total 360704K, used 172922K [0x0000000705600000, 0x000000071b640000, 0x00000007ac760000)
  object space 360704K, 47% used [0x0000000705600000,0x000000070fede9b0,0x000000071b640000)
 PSPermGen       total 26496K, used 13075K [0x00000006fb000000, 0x00000006fc9e0000, 0x0000000705600000)
  object space 26496K, 49% used [0x00000006fb000000,0x00000006fbcc4d10,0x00000006fc9e0000)
Event: 6.865 GC heap after
Heap after GC invocations=7 (full 1):
 PSYoungGen      total 420352K, used 4200K [0x00000007ac760000, 0x00000007cd480000, 0x0000000800000000)
  eden space 332800K, 0% used [0x00000007ac760000,0x00000007ac760000,0x00000007c0c60000)
  from space 87552K, 4% used [0x00000007c7f00000,0x00000007c831a280,0x00000007cd480000)
  to   space 102464K, 0% used [0x00000007c0c60000,0x00000007c0c60000,0x00000007c7070000)
 ParOldGen       total 360704K, used 172922K [0x0000000705600000, 0x000000071b640000, 0x00000007ac760000)
  object space 360704K, 47% used [0x0000000705600000,0x000000070fede9b0,0x000000071b640000)
 PSPermGen       total 26496K, used 13075K [0x00000006fb000000, 0x00000006fc9e0000, 0x0000000705600000)
  object space 26496K, 49% used [0x00000006fb000000,0x00000006fbcc4d10,0x00000006fc9e0000)
}

