# JRE version: 7.0_09
# Java VM: OpenJDK 64-Bit Server VM (23.2-b09 mixed mode linux-amd64 compressed oops)
Heap
 PSYoungGen      total 411968K, used 66372K [0x00000007ac760000, 0x00000007ccb20000, 0x0000000800000000)
  eden space 322816K, 19% used [0x00000007ac760000,0x00000007b0411d20,0x00000007c02a0000)
  from space 89152K, 4% used [0x00000007c7410000,0x00000007c782f488,0x00000007ccb20000)
  to   space 102656K, 0% used [0x00000007c02a0000,0x00000007c02a0000,0x00000007c66e0000)
 ParOldGen       total 364032K, used 173231K [0x0000000705600000, 0x000000071b980000, 0x00000007ac760000)
  object space 364032K, 47% used [0x0000000705600000,0x000000070ff2bf40,0x000000071b980000)
 PSPermGen       total 26496K, used 13141K [0x00000006fb000000, 0x00000006fc9e0000, 0x0000000705600000)
  object space 26496K, 49% used [0x00000006fb000000,0x00000006fbcd5570,0x00000006fc9e0000)
GC Heap History (10 events):
Event: 1.624 GC heap before
{Heap before GC invocations=3 (full 0):
 PSYoungGen      total 138944K, used 138915K [0x00000007ac760000, 0x00000007b5980000, 0x0000000800000000)
  eden space 128256K, 100% used [0x00000007ac760000,0x00000007b44a0000,0x00000007b44a0000)
  from space 10688K, 99% used [0x00000007b4f10000,0x00000007b5978ea0,0x00000007b5980000)
  to   space 10688K, 0% used [0x00000007b44a0000,0x00000007b44a0000,0x00000007b4f10000)
 ParOldGen       total 171072K, used 48610K [0x0000000705600000, 0x000000070fd10000, 0x00000007ac760000)
  object space 171072K, 28% used [0x0000000705600000,0x0000000708578998,0x000000070fd10000)
 PSPermGen       total 21248K, used 11791K [0x00000006fb000000, 0x00000006fc4c0000, 0x0000000705600000)
  object space 21248K, 55% used [0x00000006fb000000,0x00000006fbb83e38,0x00000006fc4c0000)
Event: 1.715 GC heap after
Heap after GC invocations=3 (full 0):
 PSYoungGen      total 138944K, used 10675K [0x00000007ac760000, 0x00000007bd6c0000, 0x0000000800000000)
  eden space 128256K, 0% used [0x00000007ac760000,0x00000007ac760000,0x00000007b44a0000)
  from space 10688K, 99% used [0x00000007b44a0000,0x00000007b4f0ceb0,0x00000007b4f10000)
  to   space 10688K, 0% used [0x00000007bcc50000,0x00000007bcc50000,0x00000007bd6c0000)
 ParOldGen       total 171072K, used 96994K [0x0000000705600000, 0x000000070fd10000, 0x00000007ac760000)
  object space 171072K, 56% used [0x0000000705600000,0x000000070b4b8998,0x000000070fd10000)
 PSPermGen       total 21248K, used 11791K [0x00000006fb000000, 0x00000006fc4c0000, 0x0000000705600000)
  object space 21248K, 55% used [0x00000006fb000000,0x00000006fbb83e38,0x00000006fc4c0000)
}
Event: 2.566 GC heap before
{Heap before GC invocations=4 (full 0):
 PSYoungGen      total 138944K, used 138931K [0x00000007ac760000, 0x00000007bd6c0000, 0x0000000800000000)
  eden space 128256K, 100% used [0x00000007ac760000,0x00000007b44a0000,0x00000007b44a0000)
  from space 10688K, 99% used [0x00000007b44a0000,0x00000007b4f0ceb0,0x00000007b4f10000)
  to   space 10688K, 0% used [0x00000007bcc50000,0x00000007bcc50000,0x00000007bd6c0000)
 ParOldGen       total 171072K, used 96994K [0x0000000705600000, 0x000000070fd10000, 0x00000007ac760000)
  object space 171072K, 56% used [0x0000000705600000,0x000000070b4b8998,0x000000070fd10000)
 PSPermGen       total 21248K, used 12987K [0x00000006fb000000, 0x00000006fc4c0000, 0x0000000705600000)
  object space 21248K, 61% used [0x00000006fb000000,0x00000006fbcaeca8,0x00000006fc4c0000)
Event: 2.789 GC heap after
Heap after GC invocations=4 (full 0):
 PSYoungGen      total 267200K, used 10661K [0x00000007ac760000, 0x00000007bd6c0000, 0x0000000800000000)
  eden space 256512K, 0% used [0x00000007ac760000,0x00000007ac760000,0x00000007bc1e0000)
  from space 10688K, 99% used [0x00000007bcc50000,0x00000007bd6b94b0,0x00000007bd6c0000)
  to   space 10688K, 0% used [0x00000007bc1e0000,0x00000007bc1e0000,0x00000007bcc50000)
 ParOldGen       total 173760K, used 173228K [0x0000000705600000, 0x000000070ffb0000, 0x00000007ac760000)
  object space 173760K, 99% used [0x0000000705600000,0x000000070ff2b0d8,0x000000070ffb0000)
 PSPermGen       total 21248K, used 12987K [0x00000006fb000000, 0x00000006fc4c0000, 0x0000000705600000)
  object space 21248K, 61% used [0x00000006fb000000,0x00000006fbcaeca8,0x00000006fc4c0000)
}
Event: 2.789 GC heap before
{Heap before GC invocations=5 (full 1):
 PSYoungGen      total 267200K, used 10661K [0x00000007ac760000, 0x00000007bd6c0000, 0x0000000800000000)
  eden space 256512K, 0% used [0x00000007ac760000,0x00000007ac760000,0x00000007bc1e0000)
  from space 10688K, 99% used [0x00000007bcc50000,0x00000007bd6b94b0,0x00000007bd6c0000)
  to   space 10688K, 0% used [0x00000007bc1e0000,0x00000007bc1e0000,0x00000007bcc50000)
 ParOldGen       total 173760K, used 173228K [0x0000000705600000, 0x000000070ffb0000, 0x00000007ac760000)
  object space 173760K, 99% used [0x0000000705600000,0x000000070ff2b0d8,0x000000070ffb0000)
 PSPermGen       total 21248K, used 12987K [0x00000006fb000000, 0x00000006fc4c0000, 0x0000000705600000)
  object space 21248K, 61% used [0x00000006fb000000,0x00000006fbcaeca8,0x00000006fc4c0000)
Event: 3.930 GC heap after
Heap after GC invocations=5 (full 1):
 PSYoungGen      total 267200K, used 2813K [0x00000007ac760000, 0x00000007bd6c0000, 0x0000000800000000)
  eden space 256512K, 0% used [0x00000007ac760000,0x00000007ac760000,0x00000007bc1e0000)
  from space 10688K, 26% used [0x00000007bcc50000,0x00000007bcf0f420,0x00000007bd6c0000)
  to   space 10688K, 0% used [0x00000007bc1e0000,0x00000007bc1e0000,0x00000007bcc50000)
 ParOldGen       total 364032K, used 173223K [0x0000000705600000, 0x000000071b980000, 0x00000007ac760000)
  object space 364032K, 47% used [0x0000000705600000,0x000000070ff29f40,0x000000071b980000)
 PSPermGen       total 26496K, used 12979K [0x00000006fb000000, 0x00000006fc9e0000, 0x0000000705600000)
  object space 26496K, 48% used [0x00000006fb000000,0x00000006fbcacd60,0x00000006fc9e0000)
}
Event: 5.830 GC heap before
{Heap before GC invocations=6 (full 1):
 PSYoungGen      total 267200K, used 259325K [0x00000007ac760000, 0x00000007bd6c0000, 0x0000000800000000)
  eden space 256512K, 100% used [0x00000007ac760000,0x00000007bc1e0000,0x00000007bc1e0000)
  from space 10688K, 26% used [0x00000007bcc50000,0x00000007bcf0f420,0x00000007bd6c0000)
  to   space 10688K, 0% used [0x00000007bc1e0000,0x00000007bc1e0000,0x00000007bcc50000)
 ParOldGen       total 364032K, used 173223K [0x0000000705600000, 0x000000071b980000, 0x00000007ac760000)
  object space 364032K, 47% used [0x0000000705600000,0x000000070ff29f40,0x000000071b980000)
 PSPermGen       total 26496K, used 13055K [0x00000006fb000000, 0x00000006fc9e0000, 0x0000000705600000)
  object space 26496K, 49% used [0x00000006fb000000,0x00000006fbcbfea8,0x00000006fc9e0000)
Event: 5.880 GC heap after
Heap after GC invocations=6 (full 1):
 PSYoungGen      total 267200K, used 3683K [0x00000007ac760000, 0x00000007cd800000, 0x0000000800000000)
  eden space 256512K, 0% used [0x00000007ac760000,0x00000007ac760000,0x00000007bc1e0000)
  from space 10688K, 34% used [0x00000007bc1e0000,0x00000007bc578c38,0x00000007bcc50000)
  to   space 102336K, 0% used [0x00000007c7410000,0x00000007c7410000,0x00000007cd800000)
 ParOldGen       total 364032K, used 173231K [0x0000000705600000, 0x000000071b980000, 0x00000007ac760000)
  object space 364032K, 47% used [0x0000000705600000,0x000000070ff2bf40,0x000000071b980000)
 PSPermGen       total 26496K, used 13055K [0x00000006fb000000, 0x00000006fc9e0000, 0x0000000705600000)
  object space 26496K, 49% used [0x00000006fb000000,0x00000006fbcbfea8,0x00000006fc9e0000)
}
Event: 7.520 GC heap before
{Heap before GC invocations=7 (full 1):
 PSYoungGen      total 267200K, used 260195K [0x00000007ac760000, 0x00000007cd800000, 0x0000000800000000)
  eden space 256512K, 100% used [0x00000007ac760000,0x00000007bc1e0000,0x00000007bc1e0000)
  from space 10688K, 34% used [0x00000007bc1e0000,0x00000007bc578c38,0x00000007bcc50000)
  to   space 102336K, 0% used [0x00000007c7410000,0x00000007c7410000,0x00000007cd800000)
 ParOldGen       total 364032K, used 173231K [0x0000000705600000, 0x000000071b980000, 0x00000007ac760000)
  object space 364032K, 47% used [0x0000000705600000,0x000000070ff2bf40,0x000000071b980000)
 PSPermGen       total 26496K, used 13074K [0x00000006fb000000, 0x00000006fc9e0000, 0x0000000705600000)
  object space 26496K, 49% used [0x00000006fb000000,0x00000006fbcc4828,0x00000006fc9e0000)
Event: 7.535 GC heap after
Heap after GC invocations=7 (full 1):
 PSYoungGen      total 411968K, used 4221K [0x00000007ac760000, 0x00000007ccb20000, 0x0000000800000000)
  eden space 322816K, 0% used [0x00000007ac760000,0x00000007ac760000,0x00000007c02a0000)
  from space 89152K, 4% used [0x00000007c7410000,0x00000007c782f488,0x00000007ccb20000)
  to   space 102656K, 0% used [0x00000007c02a0000,0x00000007c02a0000,0x00000007c66e0000)
 ParOldGen       total 364032K, used 173231K [0x0000000705600000, 0x000000071b980000, 0x00000007ac760000)
  object space 364032K, 47% used [0x0000000705600000,0x000000070ff2bf40,0x000000071b980000)
 PSPermGen       total 26496K, used 13074K [0x00000006fb000000, 0x00000006fc9e0000, 0x0000000705600000)
  object space 26496K, 49% used [0x00000006fb000000,0x00000006fbcc4828,0x00000006fc9e0000)
}

