# JRE version: 7.0_09
# Java VM: OpenJDK 64-Bit Server VM (23.2-b09 mixed mode linux-amd64 compressed oops)
Heap
 PSYoungGen      total 138944K, used 17343K [0x00000007ac760000, 0x00000007bd6c0000, 0x0000000800000000)
  eden space 128256K, 5% used [0x00000007ac760000,0x00000007acde67f8,0x00000007b44a0000)
  from space 10688K, 99% used [0x00000007b44a0000,0x00000007b4f09648,0x00000007b4f10000)
  to   space 10688K, 0% used [0x00000007bcc50000,0x00000007bcc50000,0x00000007bd6c0000)
 ParOldGen       total 171072K, used 15253K [0x0000000705600000, 0x000000070fd10000, 0x00000007ac760000)
  object space 171072K, 8% used [0x0000000705600000,0x00000007064e5760,0x000000070fd10000)
 PSPermGen       total 25280K, used 25130K [0x00000006fb000000, 0x00000006fc8b0000, 0x0000000705600000)
  object space 25280K, 99% used [0x00000006fb000000,0x00000006fc88a9a0,0x00000006fc8b0000)
GC Heap History (6 events):
Event: 1.127 GC heap before
{Heap before GC invocations=1 (full 0):
 PSYoungGen      total 74816K, used 64128K [0x00000007ac760000, 0x00000007b1ae0000, 0x0000000800000000)
  eden space 64128K, 100% used [0x00000007ac760000,0x00000007b0600000,0x00000007b0600000)
  from space 10688K, 0% used [0x00000007b1070000,0x00000007b1070000,0x00000007b1ae0000)
  to   space 10688K, 0% used [0x00000007b0600000,0x00000007b0600000,0x00000007b1070000)
 ParOldGen       total 171072K, used 0K [0x0000000705600000, 0x000000070fd10000, 0x00000007ac760000)
  object space 171072K, 0% used [0x0000000705600000,0x0000000705600000,0x000000070fd10000)
 PSPermGen       total 21248K, used 12355K [0x00000006fb000000, 0x00000006fc4c0000, 0x0000000705600000)
  object space 21248K, 58% used [0x00000006fb000000,0x00000006fbc10ca8,0x00000006fc4c0000)
Event: 1.141 GC heap after
Heap after GC invocations=1 (full 0):
 PSYoungGen      total 74816K, used 9696K [0x00000007ac760000, 0x00000007b5980000, 0x0000000800000000)
  eden space 64128K, 0% used [0x00000007ac760000,0x00000007ac760000,0x00000007b0600000)
  from space 10688K, 90% used [0x00000007b0600000,0x00000007b0f782a0,0x00000007b1070000)
  to   space 10688K, 0% used [0x00000007b4f10000,0x00000007b4f10000,0x00000007b5980000)
 ParOldGen       total 171072K, used 0K [0x0000000705600000, 0x000000070fd10000, 0x00000007ac760000)
  object space 171072K, 0% used [0x0000000705600000,0x0000000705600000,0x000000070fd10000)
 PSPermGen       total 21248K, used 12355K [0x00000006fb000000, 0x00000006fc4c0000, 0x0000000705600000)
  object space 21248K, 58% used [0x00000006fb000000,0x00000006fbc10ca8,0x00000006fc4c0000)
}
Event: 2.010 GC heap before
{Heap before GC invocations=2 (full 0):
 PSYoungGen      total 74816K, used 73824K [0x00000007ac760000, 0x00000007b5980000, 0x0000000800000000)
  eden space 64128K, 100% used [0x00000007ac760000,0x00000007b0600000,0x00000007b0600000)
  from space 10688K, 90% used [0x00000007b0600000,0x00000007b0f782a0,0x00000007b1070000)
  to   space 10688K, 0% used [0x00000007b4f10000,0x00000007b4f10000,0x00000007b5980000)
 ParOldGen       total 171072K, used 0K [0x0000000705600000, 0x000000070fd10000, 0x00000007ac760000)
  object space 171072K, 0% used [0x0000000705600000,0x0000000705600000,0x000000070fd10000)
 PSPermGen       total 21248K, used 14237K [0x00000006fb000000, 0x00000006fc4c0000, 0x0000000705600000)
  object space 21248K, 67% used [0x00000006fb000000,0x00000006fbde7760,0x00000006fc4c0000)
Event: 2.023 GC heap after
Heap after GC invocations=2 (full 0):
 PSYoungGen      total 138944K, used 7056K [0x00000007ac760000, 0x00000007b5980000, 0x0000000800000000)
  eden space 128256K, 0% used [0x00000007ac760000,0x00000007ac760000,0x00000007b44a0000)
  from space 10688K, 66% used [0x00000007b4f10000,0x00000007b55f43f0,0x00000007b5980000)
  to   space 10688K, 0% used [0x00000007b44a0000,0x00000007b44a0000,0x00000007b4f10000)
 ParOldGen       total 171072K, used 8K [0x0000000705600000, 0x000000070fd10000, 0x00000007ac760000)
  object space 171072K, 0% used [0x0000000705600000,0x0000000705602000,0x000000070fd10000)
 PSPermGen       total 21248K, used 14237K [0x00000006fb000000, 0x00000006fc4c0000, 0x0000000705600000)
  object space 21248K, 67% used [0x00000006fb000000,0x00000006fbde7760,0x00000006fc4c0000)
}
Event: 4.041 GC heap before
{Heap before GC invocations=3 (full 0):
 PSYoungGen      total 138944K, used 135312K [0x00000007ac760000, 0x00000007b5980000, 0x0000000800000000)
  eden space 128256K, 100% used [0x00000007ac760000,0x00000007b44a0000,0x00000007b44a0000)
  from space 10688K, 66% used [0x00000007b4f10000,0x00000007b55f43f0,0x00000007b5980000)
  to   space 10688K, 0% used [0x00000007b44a0000,0x00000007b44a0000,0x00000007b4f10000)
 ParOldGen       total 171072K, used 8K [0x0000000705600000, 0x000000070fd10000, 0x00000007ac760000)
  object space 171072K, 0% used [0x0000000705600000,0x0000000705602000,0x000000070fd10000)
 PSPermGen       total 24896K, used 24887K [0x00000006fb000000, 0x00000006fc850000, 0x0000000705600000)
  object space 24896K, 99% used [0x00000006fb000000,0x00000006fc84dfd0,0x00000006fc850000)
Event: 4.077 GC heap after
Heap after GC invocations=3 (full 0):
 PSYoungGen      total 138944K, used 10661K [0x00000007ac760000, 0x00000007bd6c0000, 0x0000000800000000)
  eden space 128256K, 0% used [0x00000007ac760000,0x00000007ac760000,0x00000007b44a0000)
  from space 10688K, 99% used [0x00000007b44a0000,0x00000007b4f09648,0x00000007b4f10000)
  to   space 10688K, 0% used [0x00000007bcc50000,0x00000007bcc50000,0x00000007bd6c0000)
 ParOldGen       total 171072K, used 15253K [0x0000000705600000, 0x000000070fd10000, 0x00000007ac760000)
  object space 171072K, 8% used [0x0000000705600000,0x00000007064e5760,0x000000070fd10000)
 PSPermGen       total 24896K, used 24887K [0x00000006fb000000, 0x00000006fc850000, 0x0000000705600000)
  object space 24896K, 99% used [0x00000006fb000000,0x00000006fc84dfd0,0x00000006fc850000)
}

